<?xml version="1.0" encoding="UTF-8"?>
<!-- Generated by org.testng.reporters.JUnitReportReporter -->
<testsuite hostname="LAPTOP-80TGKPDA" name="com.inetbanking.testCases.TC_AddCustomerTest_003" tests="1" failures="0" timestamp="17 Jul 2019 21:46:22 GMT" time="15.819" errors="0">
  <testcase name="addNewCustomer" time="15.819" classname="com.inetbanking.testCases.TC_AddCustomerTest_003"/>
</testsuite> <!-- com.inetbanking.testCases.TC_AddCustomerTest_003 -->
