<?xml version="1.0" encoding="UTF-8"?>
<!-- Generated by org.testng.reporters.JUnitReportReporter -->
<testsuite hostname="LAPTOP-80TGKPDA" failures="0" tests="1" name="com.inetbanking.testCases.Tc_LoginTest_001" time="4.125" errors="0" timestamp="25 Jul 2019 21:00:55 GMT">
  <testcase classname="com.inetbanking.testCases.Tc_LoginTest_001" name="loginTest" time="4.125"/>
</testsuite> <!-- com.inetbanking.testCases.Tc_LoginTest_001 -->
