<?xml version="1.0" encoding="UTF-8"?>
<!-- Generated by org.testng.reporters.JUnitReportReporter -->
<testsuite hostname="LAPTOP-80TGKPDA" failures="0" tests="1" name="com.inetbanking.testCases.TC_AddCustomerTest_003" time="16.508" errors="0" timestamp="25 Jul 2019 21:00:55 GMT">
  <testcase classname="com.inetbanking.testCases.TC_AddCustomerTest_003" name="addNewCustomer" time="16.508"/>
</testsuite> <!-- com.inetbanking.testCases.TC_AddCustomerTest_003 -->
